<?xml version="1.0" encoding="UTF-8"?>
<testsuite xmlns:xsi="http://www.w3.org/2001/XMLSchema-instance" xsi:noNamespaceSchemaLocation="https://maven.apache.org/surefire/maven-surefire-plugin/xsd/surefire-test-report-3.0.xsd" version="3.0" name="TestSuite" time="331.93" tests="4" errors="0" skipped="0" failures="1">
  <properties>
[...]
</properties>
  <testcase name="genenalInfoDisplay" classname="test_Cases.Admin_Player_Details" time="56.111">
    <system-out><![CDATA[We are currently on the following URL : https://digital-ca-qa.usga.org/admin#/dashboard
21:30:37.743 [main] INFO  test_Cases.Admin_Player_Details - ##### Login Successful with : automation.qa@mailinator.com and test123 #####
##### Login Successful with : automation.qa@mailinator.com and test123 #####
21:30:38.017 [main] INFO  test_Cases.Admin_Player_Details - ####### Executing TC-1852 General Information displays #######
true
******* Player Status Dropdown Values *******
Amateur
Pro
Applicant for Reinstatement (A/R)
**********************************************
21:30:52.334 [main] INFO  test_Cases.Admin_Player_Details - ####### TC-1852 Drop Down displays with : Amateur, Pro, Applicant for Reinstatement is not displayed #######
]]></system-out>
    <system-err><![CDATA[Dec 16, 2024 9:29:51 PM org.openqa.selenium.devtools.CdpVersionFinder findNearestMatch
WARNING: Unable to find an exact match for CDP version 131, returning the closest version; found: 130; Please update to a Selenium version that supports CDP version 131
]]></system-err>
  </testcase>
  <testcase name="championshipHistoryDisplays" classname="test_Cases.Admin_Player_Details" time="28.128">
    <system-out><![CDATA[2024-12-16T16:01:04.326238300Z main WARN The Logger test_Cases.Admin_Player_Details was created with the message factory org.apache.logging.log4j.message.ReusableMessageFactory@25d0cb3a and is now requested with a null message factory (defaults to org.apache.logging.log4j.message.ParameterizedMessageFactory), which may create log events with unexpected formatting.
We are currently on the following URL : https://digital-ca-qa.usga.org/admin#/dashboard
21:31:11.347 [main] INFO  test_Cases.Admin_Player_Details - ##### Login Successful with : automation.qa@mailinator.com and test123 #####
##### Login Successful with : automation.qa@mailinator.com and test123 #####
21:31:11.460 [main] INFO  test_Cases.Admin_Player_Details - ####### Executing TC-1878 Player Championship History displays #######
Status
Championship Name
Exemption
Qualifying Location
Qualifying Date
Qualifying Status
Local Qualifying Score (Open/Senior Open/Amateur)
Final Qualifying Score (Open/Senior Open/Amateur)
Qualifying Score
Champ Score
Final Place
21:31:25.807 [main] INFO  test_Cases.Admin_Player_Details - Displays : Status
Championship Name
Exemption
Qualifying Location
Qualifying Date
Qualifying Status
Local Qualifying Score (Open/Senior Open/Amateur)
Final Qualifying Score (Open/Senior Open/Amateur)
Qualifying Score
Champ Score
Final Place
21:31:29.064 [main] INFO  test_Cases.Admin_Player_Details - ####### TC-1869 Each column header can be selected which will drop down filtering functions with Search, Check all, Uncheck All and others... #######
]]></system-out>
  </testcase>
  <testcase name="saveChangesCTA" classname="test_Cases.Admin_Player_Details" time="73.431">
    <system-out><![CDATA[2024-12-16T16:01:32.791147600Z main WARN The Logger test_Cases.Admin_Player_Details was created with the message factory org.apache.logging.log4j.message.ReusableMessageFactory@25d0cb3a and is now requested with a null message factory (defaults to org.apache.logging.log4j.message.ParameterizedMessageFactory), which may create log events with unexpected formatting.
We are currently on the following URL : https://login.digital-ca-qa.usga.org/login?state=hKFo2SBKTW1qNjZxSnVWdEFZcjBkZk9Fb0VvTThRNVluV3Y4aKFupWxvZ2luo3RpZNkgX3gyWUt0aWlKMFFmTV9PZlJqd2hYR3VtM1VzdW80MEejY2lk2SBtaXJpQXNLQlJXSk5Vc3k1aEFWSUxDWld3YWZNaE82Rw&client=miriAsKBRWJNUsy5hAVILCZWwafMhO6G&protocol=oauth2&redirect_uri=https%3A%2F%2Fdigital-ca-qa.usga.org%2Fca-login&response_type=id_token&scope=openid%20profile%20email&nonce=wAPjxoSVuqfDctItrDnMXaFzhOBMN7lg&auth0Client=eyJuYW1lIjoiYXV0aDAuanMiLCJ2ZXJzaW9uIjoiOS4xMS4zIn0%3D
21:31:40.466 [main] INFO  test_Cases.Admin_Player_Details - ##### Login Successful with : automation.qa@mailinator.com and test123 #####
##### Login Successful with : automation.qa@mailinator.com and test123 #####
21:31:40.551 [main] INFO  test_Cases.Admin_Player_Details - ####### Executing TC-1884 Save Changes CTA displays  #######
21:31:57.346 [main] INFO  test_Cases.Admin_Player_Details - ####### TC-1869 Are you sure you want to leave this page? The changes you made will be lost Yes/No option is displayed #######
]]></system-out>
  </testcase>
  <testcase name="statusAndFlagDisplays" classname="test_Cases.Admin_Player_Details" time="146.743">
    <failure message="element click intercepted: Element &lt;svg xmlns=&quot;http://www.w3.org/2000/svg&quot; width=&quot;24px&quot; height=&quot;24px&quot; class=&quot;Icon__TrashIcon-sc-1b8stld-9 cSWdba&quot;&gt;...&lt;/svg&gt; is not clickable at point (1202, 42). Other element would receive the click: &lt;div class=&quot;components__Text-sc-1if6yln-0 iExwTm&quot;&gt;...&lt;/div&gt;&#10;  (Session info: chrome=131.0.6778.140)&#10;Build info: version: &apos;4.26.0&apos;, revision: &apos;8ccf0219d7&apos;&#10;System info: os.name: &apos;Windows 10&apos;, os.arch: &apos;amd64&apos;, os.version: &apos;10.0&apos;, java.version: &apos;23.0.1&apos;&#10;Driver info: org.openqa.selenium.chrome.ChromeDriver&#10;Command: [45f783a81c3f4dc6c185a94600e25966, clickElement {id=f.A2AA77A38FC7BE3AD301EE66C2887D34.d.F2C71B7E89593BA1E3FDFB23FD85CDE3.e.21605}]&#10;Capabilities {acceptInsecureCerts: false, browserName: chrome, browserVersion: 131.0.6778.140, chrome: {chromedriverVersion: 131.0.6778.108 (3b014839fbc..., userDataDir: C:\Users\SANTOS~1\AppData\L...}, fedcm:accounts: true, goog:chromeOptions: {debuggerAddress: localhost:52685}, networkConnectionEnabled: false, pageLoadStrategy: normal, platformName: windows, proxy: Proxy(), se:cdp: ws://localhost:52685/devtoo..., se:cdpVersion: 131.0.6778.140, setWindowRect: true, strictFileInteractability: false, timeouts: {implicit: 0, pageLoad: 300000, script: 30000}, unhandledPromptBehavior: dismiss and notify, webauthn:extension:credBlob: true, webauthn:extension:largeBlob: true, webauthn:extension:minPinLength: true, webauthn:extension:prf: true, webauthn:virtualAuthenticators: true}&#10;Element: [[ChromeDriver: chrome on windows (45f783a81c3f4dc6c185a94600e25966)] -&gt; xpath: (//*[@class=&apos;Icon__TrashIcon-sc-1b8stld-9 cSWdba&apos;])]&#10;Session ID: 45f783a81c3f4dc6c185a94600e25966" type="org.openqa.selenium.ElementClickInterceptedException"><![CDATA[org.openqa.selenium.ElementClickInterceptedException: 
element click intercepted: Element <svg xmlns="http://www.w3.org/2000/svg" width="24px" height="24px" class="Icon__TrashIcon-sc-1b8stld-9 cSWdba">...</svg> is not clickable at point (1202, 42). Other element would receive the click: <div class="components__Text-sc-1if6yln-0 iExwTm">...</div>
  (Session info: chrome=131.0.6778.140)
Build info: version: '4.26.0', revision: '8ccf0219d7'
System info: os.name: 'Windows 10', os.arch: 'amd64', os.version: '10.0', java.version: '23.0.1'
Driver info: org.openqa.selenium.chrome.ChromeDriver
Command: [45f783a81c3f4dc6c185a94600e25966, clickElement {id=f.A2AA77A38FC7BE3AD301EE66C2887D34.d.F2C71B7E89593BA1E3FDFB23FD85CDE3.e.21605}]
Capabilities {acceptInsecureCerts: false, browserName: chrome, browserVersion: 131.0.6778.140, chrome: {chromedriverVersion: 131.0.6778.108 (3b014839fbc..., userDataDir: C:\Users\SANTOS~1\AppData\L...}, fedcm:accounts: true, goog:chromeOptions: {debuggerAddress: localhost:52685}, networkConnectionEnabled: false, pageLoadStrategy: normal, platformName: windows, proxy: Proxy(), se:cdp: ws://localhost:52685/devtoo..., se:cdpVersion: 131.0.6778.140, setWindowRect: true, strictFileInteractability: false, timeouts: {implicit: 0, pageLoad: 300000, script: 30000}, unhandledPromptBehavior: dismiss and notify, webauthn:extension:credBlob: true, webauthn:extension:largeBlob: true, webauthn:extension:minPinLength: true, webauthn:extension:prf: true, webauthn:virtualAuthenticators: true}
Element: [[ChromeDriver: chrome on windows (45f783a81c3f4dc6c185a94600e25966)] -> xpath: (//*[@class='Icon__TrashIcon-sc-1b8stld-9 cSWdba'])]
Session ID: 45f783a81c3f4dc6c185a94600e25966
	at test_Cases.Admin_Player_Details.statusAndFlagDisplays(Admin_Player_Details.java:78)
]]></failure>
    <system-out><![CDATA[2024-12-16T16:02:48.716754Z main WARN The Logger test_Cases.Admin_Player_Details was created with the message factory org.apache.logging.log4j.message.ReusableMessageFactory@25d0cb3a and is now requested with a null message factory (defaults to org.apache.logging.log4j.message.ParameterizedMessageFactory), which may create log events with unexpected formatting.
We are currently on the following URL : https://digital-ca-qa.usga.org/admin#/dashboard
21:33:37.363 [main] INFO  test_Cases.Admin_Player_Details - ##### Login Successful with : automation.qa@mailinator.com and test123 #####
##### Login Successful with : automation.qa@mailinator.com and test123 #####
21:33:37.445 [main] INFO  test_Cases.Admin_Player_Details - ####### Executing TC-1869 Status and Flags displays #######
]]></system-out>
  </testcase>
</testsuite>