<?xml version="1.0" encoding="UTF-8"?>
<testng-results ignored="0" total="4" passed="3" failed="1" skipped="0">
  <reporter-output>
  </reporter-output>
  <suite started-at="2024-12-16T21:29:46 IST" name="Suite" finished-at="2024-12-16T21:35:16 IST" duration-ms="329709">
    <groups>
    </groups>
    <test started-at="2024-12-16T21:29:46 IST" name="Test" finished-at="2024-12-16T21:35:16 IST" duration-ms="329709">
      <class name="test_Cases.Admin_Player_Details">
        <test-method is-config="true" signature="start()[pri:0, instance:test_Cases.Admin_Player_Details@561868a0]" started-at="2024-12-16T21:29:46 IST" name="start" finished-at="2024-12-16T21:29:46 IST" duration-ms="129" status="PASS">
          <reporter-output>
          </reporter-output>
        </test-method> <!-- start -->
        <test-method is-config="true" signature="testSetup(java.lang.String)[pri:0, instance:test_Cases.Admin_Player_Details@561868a0]" started-at="2024-12-16T21:29:46 IST" name="testSetup" finished-at="2024-12-16T21:29:51 IST" duration-ms="4821" status="PASS">
          <params>
            <param index="0">
              <value>
                <![CDATA[chrome]]>
              </value>
            </param>
          </params>
          <reporter-output>
          </reporter-output>
        </test-method> <!-- testSetup -->
        <test-method is-config="true" signature="openBrowser()[pri:0, instance:test_Cases.Admin_Player_Details@561868a0]" started-at="2024-12-16T21:29:51 IST" name="openBrowser" finished-at="2024-12-16T21:30:08 IST" duration-ms="16387" status="PASS">
          <reporter-output>
          </reporter-output>
        </test-method> <!-- openBrowser -->
        <test-method signature="genenalInfoDisplay()[pri:1, instance:test_Cases.Admin_Player_Details@561868a0]" started-at="2024-12-16T21:30:08 IST" name="genenalInfoDisplay" description="TC-1852 General Information displays" finished-at="2024-12-16T21:31:04 IST" duration-ms="56088" status="PASS">
          <reporter-output>
          </reporter-output>
        </test-method> <!-- genenalInfoDisplay -->
        <test-method is-config="true" signature="openBrowser()[pri:0, instance:test_Cases.Admin_Player_Details@561868a0]" started-at="2024-12-16T21:31:04 IST" name="openBrowser" finished-at="2024-12-16T21:31:04 IST" duration-ms="383" status="PASS">
          <reporter-output>
          </reporter-output>
        </test-method> <!-- openBrowser -->
        <test-method signature="championshipHistoryDisplays()[pri:4, instance:test_Cases.Admin_Player_Details@561868a0]" started-at="2024-12-16T21:31:04 IST" name="championshipHistoryDisplays" description="TC-1878 Player Championship History displays " finished-at="2024-12-16T21:31:32 IST" duration-ms="28091" status="PASS">
          <reporter-output>
          </reporter-output>
        </test-method> <!-- championshipHistoryDisplays -->
        <test-method is-config="true" signature="openBrowser()[pri:0, instance:test_Cases.Admin_Player_Details@561868a0]" started-at="2024-12-16T21:31:32 IST" name="openBrowser" finished-at="2024-12-16T21:31:35 IST" duration-ms="2486" status="PASS">
          <reporter-output>
          </reporter-output>
        </test-method> <!-- openBrowser -->
        <test-method signature="saveChangesCTA()[pri:5, instance:test_Cases.Admin_Player_Details@561868a0]" started-at="2024-12-16T21:31:35 IST" name="saveChangesCTA" description="TC-1884 Save Changes CTA displays " finished-at="2024-12-16T21:32:48 IST" duration-ms="73435" status="PASS">
          <reporter-output>
          </reporter-output>
        </test-method> <!-- saveChangesCTA -->
        <test-method is-config="true" signature="openBrowser()[pri:0, instance:test_Cases.Admin_Player_Details@561868a0]" started-at="2024-12-16T21:32:48 IST" name="openBrowser" finished-at="2024-12-16T21:32:49 IST" duration-ms="320" status="PASS">
          <reporter-output>
          </reporter-output>
        </test-method> <!-- openBrowser -->
        <test-method signature="statusAndFlagDisplays()[pri:6, instance:test_Cases.Admin_Player_Details@561868a0]" started-at="2024-12-16T21:32:49 IST" name="statusAndFlagDisplays" description="TC-1869 Status and Flags displays" finished-at="2024-12-16T21:35:15 IST" duration-ms="146732" status="FAIL">
          <exception class="org.openqa.selenium.ElementClickInterceptedException">
            <message>
              <![CDATA[element click intercepted: Element <svg xmlns="http://www.w3.org/2000/svg" width="24px" height="24px" class="Icon__TrashIcon-sc-1b8stld-9 cSWdba">...</svg> is not clickable at point (1202, 42). Other element would receive the click: <div class="components__Text-sc-1if6yln-0 iExwTm">...</div>
  (Session info: chrome=131.0.6778.140)
Build info: version: '4.26.0', revision: '8ccf0219d7'
System info: os.name: 'Windows 10', os.arch: 'amd64', os.version: '10.0', java.version: '23.0.1'
Driver info: org.openqa.selenium.chrome.ChromeDriver
Command: [45f783a81c3f4dc6c185a94600e25966, clickElement {id=f.A2AA77A38FC7BE3AD301EE66C2887D34.d.F2C71B7E89593BA1E3FDFB23FD85CDE3.e.21605}]
Capabilities {acceptInsecureCerts: false, browserName: chrome, browserVersion: 131.0.6778.140, chrome: {chromedriverVersion: 131.0.6778.108 (3b014839fbc..., userDataDir: C:\Users\SANTOS~1\AppData\L...}, fedcm:accounts: true, goog:chromeOptions: {debuggerAddress: localhost:52685}, networkConnectionEnabled: false, pageLoadStrategy: normal, platformName: windows, proxy: Proxy(), se:cdp: ws://localhost:52685/devtoo..., se:cdpVersion: 131.0.6778.140, setWindowRect: true, strictFileInteractability: false, timeouts: {implicit: 0, pageLoad: 300000, script: 30000}, unhandledPromptBehavior: dismiss and notify, webauthn:extension:credBlob: true, webauthn:extension:largeBlob: true, webauthn:extension:minPinLength: true, webauthn:extension:prf: true, webauthn:virtualAuthenticators: true}
Element: [[ChromeDriver: chrome on windows (45f783a81c3f4dc6c185a94600e25966)] -> xpath: (//*[@class='Icon__TrashIcon-sc-1b8stld-9 cSWdba'])]
Session ID: 45f783a81c3f4dc6c185a94600e25966]]>
            </message>
            <full-stacktrace>
              <![CDATA[org.openqa.selenium.ElementClickInterceptedException: element click intercepted: Element <svg xmlns="http://www.w3.org/2000/svg" width="24px" height="24px" class="Icon__TrashIcon-sc-1b8stld-9 cSWdba">...</svg> is not clickable at point (1202, 42). Other element would receive the click: <div class="components__Text-sc-1if6yln-0 iExwTm">...</div>
  (Session info: chrome=131.0.6778.140)
Build info: version: '4.26.0', revision: '8ccf0219d7'
System info: os.name: 'Windows 10', os.arch: 'amd64', os.version: '10.0', java.version: '23.0.1'
Driver info: org.openqa.selenium.chrome.ChromeDriver
Command: [45f783a81c3f4dc6c185a94600e25966, clickElement {id=f.A2AA77A38FC7BE3AD301EE66C2887D34.d.F2C71B7E89593BA1E3FDFB23FD85CDE3.e.21605}]
Capabilities {acceptInsecureCerts: false, browserName: chrome, browserVersion: 131.0.6778.140, chrome: {chromedriverVersion: 131.0.6778.108 (3b014839fbc..., userDataDir: C:\Users\SANTOS~1\AppData\L...}, fedcm:accounts: true, goog:chromeOptions: {debuggerAddress: localhost:52685}, networkConnectionEnabled: false, pageLoadStrategy: normal, platformName: windows, proxy: Proxy(), se:cdp: ws://localhost:52685/devtoo..., se:cdpVersion: 131.0.6778.140, setWindowRect: true, strictFileInteractability: false, timeouts: {implicit: 0, pageLoad: 300000, script: 30000}, unhandledPromptBehavior: dismiss and notify, webauthn:extension:credBlob: true, webauthn:extension:largeBlob: true, webauthn:extension:minPinLength: true, webauthn:extension:prf: true, webauthn:virtualAuthenticators: true}
Element: [[ChromeDriver: chrome on windows (45f783a81c3f4dc6c185a94600e25966)] -> xpath: (//*[@class='Icon__TrashIcon-sc-1b8stld-9 cSWdba'])]
Session ID: 45f783a81c3f4dc6c185a94600e25966
at java.base/jdk.internal.reflect.DirectConstructorHandleAccessor.newInstance(DirectConstructorHandleAccessor.java:62)
at java.base/java.lang.reflect.Constructor.newInstanceWithCaller(Constructor.java:501)
at java.base/java.lang.reflect.Constructor.newInstance(Constructor.java:485)
at org.openqa.selenium.remote.ErrorCodec.decode(ErrorCodec.java:167)
at org.openqa.selenium.remote.codec.w3c.W3CHttpResponseCodec.decode(W3CHttpResponseCodec.java:138)
at org.openqa.selenium.remote.codec.w3c.W3CHttpResponseCodec.decode(W3CHttpResponseCodec.java:50)
at org.openqa.selenium.remote.HttpCommandExecutor.execute(HttpCommandExecutor.java:190)
at org.openqa.selenium.remote.service.DriverCommandExecutor.invokeExecute(DriverCommandExecutor.java:216)
at org.openqa.selenium.remote.service.DriverCommandExecutor.execute(DriverCommandExecutor.java:174)
at org.openqa.selenium.remote.RemoteWebDriver.execute(RemoteWebDriver.java:545)
at org.openqa.selenium.remote.RemoteWebElement.execute(RemoteWebElement.java:223)
at org.openqa.selenium.remote.RemoteWebElement.click(RemoteWebElement.java:76)
at java.base/jdk.internal.reflect.DirectMethodHandleAccessor.invoke(DirectMethodHandleAccessor.java:103)
at java.base/java.lang.reflect.Method.invoke(Method.java:580)
at org.openqa.selenium.support.pagefactory.internal.LocatingElementHandler.invoke(LocatingElementHandler.java:51)
at jdk.proxy2/jdk.proxy2.$Proxy32.click(Unknown Source)
at page_Object.Admin_Player_Details_Page.statusAndFlagDisplay(Admin_Player_Details_Page.java:222)
at test_Cases.Admin_Player_Details.statusAndFlagDisplays(Admin_Player_Details.java:78)
at java.base/jdk.internal.reflect.DirectMethodHandleAccessor.invoke(DirectMethodHandleAccessor.java:103)
at java.base/java.lang.reflect.Method.invoke(Method.java:580)
at org.testng.internal.invokers.MethodInvocationHelper.invokeMethod(MethodInvocationHelper.java:139)
at org.testng.internal.invokers.TestInvoker.invokeMethod(TestInvoker.java:664)
at org.testng.internal.invokers.TestInvoker.invokeTestMethod(TestInvoker.java:228)
at org.testng.internal.invokers.MethodRunner.runInSequence(MethodRunner.java:63)
at org.testng.internal.invokers.TestInvoker$MethodInvocationAgent.invoke(TestInvoker.java:961)
at org.testng.internal.invokers.TestInvoker.invokeTestMethods(TestInvoker.java:201)
at org.testng.internal.invokers.TestMethodWorker.invokeTestMethods(TestMethodWorker.java:148)
at org.testng.internal.invokers.TestMethodWorker.run(TestMethodWorker.java:128)
at java.base/java.util.ArrayList.forEach(ArrayList.java:1597)
at org.testng.TestRunner.privateRun(TestRunner.java:819)
at org.testng.TestRunner.run(TestRunner.java:619)
at org.testng.SuiteRunner.runTest(SuiteRunner.java:443)
at org.testng.SuiteRunner.runSequentially(SuiteRunner.java:437)
at org.testng.SuiteRunner.privateRun(SuiteRunner.java:397)
at org.testng.SuiteRunner.run(SuiteRunner.java:336)
at org.testng.SuiteRunnerWorker.runSuite(SuiteRunnerWorker.java:52)
at org.testng.SuiteRunnerWorker.run(SuiteRunnerWorker.java:95)
at org.testng.TestNG.runSuitesSequentially(TestNG.java:1301)
at org.testng.TestNG.runSuitesLocally(TestNG.java:1228)
at org.testng.TestNG.runSuites(TestNG.java:1134)
at org.testng.TestNG.run(TestNG.java:1101)
at org.apache.maven.surefire.testng.TestNGExecutor.run(TestNGExecutor.java:284)
at org.apache.maven.surefire.testng.TestNGXmlTestSuite.execute(TestNGXmlTestSuite.java:75)
at org.apache.maven.surefire.testng.TestNGProvider.invoke(TestNGProvider.java:119)
at org.apache.maven.surefire.booter.ForkedBooter.runSuitesInProcess(ForkedBooter.java:428)
at org.apache.maven.surefire.booter.ForkedBooter.execute(ForkedBooter.java:162)
at org.apache.maven.surefire.booter.ForkedBooter.run(ForkedBooter.java:562)
at org.apache.maven.surefire.booter.ForkedBooter.main(ForkedBooter.java:548)
]]>
            </full-stacktrace>
          </exception> <!-- org.openqa.selenium.ElementClickInterceptedException -->
          <reporter-output>
          </reporter-output>
        </test-method> <!-- statusAndFlagDisplays -->
        <test-method is-config="true" signature="teardown()[pri:0, instance:test_Cases.Admin_Player_Details@561868a0]" started-at="2024-12-16T21:35:15 IST" name="teardown" finished-at="2024-12-16T21:35:16 IST" duration-ms="632" status="PASS">
          <reporter-output>
          </reporter-output>
        </test-method> <!-- teardown -->
        <test-method is-config="true" signature="endUp()[pri:0, instance:test_Cases.Admin_Player_Details@561868a0]" started-at="2024-12-16T21:35:17 IST" name="endUp" finished-at="2024-12-16T21:35:17 IST" duration-ms="31" status="PASS">
          <reporter-output>
          </reporter-output>
        </test-method> <!-- endUp -->
      </class> <!-- test_Cases.Admin_Player_Details -->
    </test> <!-- Test -->
  </suite> <!-- Suite -->
</testng-results>
