<?xml version="1.0" encoding="UTF-8"?>
<testng-results ignored="0" total="1" passed="1" failed="0" skipped="0">
  <reporter-output>
  </reporter-output>
  <suite started-at="2024-11-18T17:03:28 IST" name="Suite" finished-at="2024-11-18T17:03:53 IST" duration-ms="24546">
    <groups>
    </groups>
    <test started-at="2024-11-18T17:03:28 IST" name="Test" finished-at="2024-11-18T17:03:53 IST" duration-ms="24546">
      <class name="test_Cases.Admin_Forgot_Password_Reset_Password">
        <test-method is-config="true" signature="setup(java.lang.String)[pri:0, instance:test_Cases.Admin_Forgot_Password_Reset_Password@10aa41f2]" started-at="2024-11-18T17:03:28 IST" name="setup" finished-at="2024-11-18T17:03:43 IST" duration-ms="14694" status="PASS">
          <params>
            <param index="0">
              <value>
                <![CDATA[chrome]]>
              </value>
            </param>
          </params>
          <reporter-output>
          </reporter-output>
        </test-method> <!-- setup -->
        <test-method signature="emailVerification()[pri:0, instance:test_Cases.Admin_Forgot_Password_Reset_Password@10aa41f2]" started-at="2024-11-18T17:03:43 IST" name="emailVerification" description="TC-1851 Recover Password CTA is active and functioning, TC-1860 Module is displayed in a pop up, TC- 1817 Email Field is required, displayed and functioning " finished-at="2024-11-18T17:03:53 IST" duration-ms="9806" status="PASS">
          <reporter-output>
          </reporter-output>
        </test-method> <!-- emailVerification -->
        <test-method is-config="true" signature="teardown()[pri:0, instance:test_Cases.Admin_Forgot_Password_Reset_Password@10aa41f2]" started-at="2024-11-18T17:03:53 IST" name="teardown" finished-at="2024-11-18T17:03:53 IST" duration-ms="1" status="PASS">
          <reporter-output>
          </reporter-output>
        </test-method> <!-- teardown -->
      </class> <!-- test_Cases.Admin_Forgot_Password_Reset_Password -->
    </test> <!-- Test -->
  </suite> <!-- Suite -->
</testng-results>
